{"uuid": "e799e23c-ebaf-4b03-a363-7a676181211a", "children": ["5323c415-522c-4a90-a4d8-21009fcaed3a"], "befores": [{"name": "create_order", "status": "broken", "statusDetails": {"message": "selenium.common.exceptions.MoveTargetOutOfBoundsException: Message: Move target (475, 1365) is out of bounds of viewport dimensions (1280, 689)\nStacktrace:\nRemoteError@chrome://remote/content/shared/RemoteError.sys.mjs:8:8\nWebDriverError@chrome://remote/content/shared/webdriver/Errors.sys.mjs:193:5\nMoveTargetOutOfBoundsError@chrome://remote/content/shared/webdriver/Errors.sys.mjs:479:5\nassertInViewPort@chrome://remote/content/shared/webdriver/Actions.sys.mjs:2380:11\ndispatch@chrome://remote/content/shared/webdriver/Actions.sys.mjs:1161:21\ndispatch/pendingEvents<@chrome://remote/content/shared/webdriver/Actions.sys.mjs:2036:14\ndispatch@chrome://remote/content/shared/webdriver/Actions.sys.mjs:2035:39\ndispatch/chainEvents<@chrome://remote/content/shared/webdriver/Actions.sys.mjs:1946:27\ndispatch@chrome://remote/content/shared/webdriver/Actions.sys.mjs:1948:7\nperformActions@chrome://remote/content/marionette/actors/MarionetteCommandsChild.sys.mjs:491:23\nreceiveMessage@chrome://remote/content/marionette/actors/MarionetteCommandsChild.sys.mjs:144:31\n\n", "trace": "  File \"C:\\Users\\Admin\\yandex\\Diplom_3\\.venv\\Lib\\site-packages\\pluggy\\_callers.py\", line 167, in _multicall\n    teardown.throw(outcome._exception)\n  File \"C:\\Users\\Admin\\yandex\\Diplom_3\\.venv\\Lib\\site-packages\\_pytest\\setuponly.py\", line 36, in pytest_fixture_setup\n    return (yield)\n            ^^^^^\n  File \"C:\\Users\\Admin\\yandex\\Diplom_3\\.venv\\Lib\\site-packages\\pluggy\\_callers.py\", line 103, in _multicall\n    res = hook_impl.function(*args)\n          ^^^^^^^^^^^^^^^^^^^^^^^^^\n  File \"C:\\Users\\Admin\\yandex\\Diplom_3\\.venv\\Lib\\site-packages\\_pytest\\fixtures.py\", line 1140, in pytest_fixture_setup\n    result = call_fixture_func(fixturefunc, request, kwargs)\n             ^^^^^^^^^^^^^^^^^^^^^^^^^^^^^^^^^^^^^^^^^^^^^^^\n  File \"C:\\Users\\Admin\\yandex\\Diplom_3\\.venv\\Lib\\site-packages\\_pytest\\fixtures.py\", line 898, in call_fixture_func\n    fixture_result = fixturefunc(**kwargs)\n                     ^^^^^^^^^^^^^^^^^^^^^\n  File \"C:\\Users\\Admin\\yandex\\Diplom_3\\conftest.py\", line 35, in create_order\n    home.create_order()\n  File \"C:\\Users\\Admin\\yandex\\Diplom_3\\.venv\\Lib\\site-packages\\allure_commons\\_allure.py\", line 192, in impl\n    return func(*a, **kw)\n           ^^^^^^^^^^^^^^\n  File \"C:\\Users\\Admin\\yandex\\Diplom_3\\pages\\home_page.py\", line 29, in create_order\n    actions.drag_and_drop(drag_from, drag_to).click_and_hold().perform()\n  File \"C:\\Users\\Admin\\yandex\\Diplom_3\\.venv\\Lib\\site-packages\\selenium\\webdriver\\common\\action_chains.py\", line 94, in perform\n    self.w3c_actions.perform()\n  File \"C:\\Users\\Admin\\yandex\\Diplom_3\\.venv\\Lib\\site-packages\\selenium\\webdriver\\common\\actions\\action_builder.py\", line 96, in perform\n    self.driver.execute(Command.W3C_ACTIONS, enc)\n  File \"C:\\Users\\Admin\\yandex\\Diplom_3\\.venv\\Lib\\site-packages\\selenium\\webdriver\\remote\\webdriver.py\", line 354, in execute\n    self.error_handler.check_response(response)\n  File \"C:\\Users\\Admin\\yandex\\Diplom_3\\.venv\\Lib\\site-packages\\selenium\\webdriver\\remote\\errorhandler.py\", line 229, in check_response\n    raise exception_class(message, screen, stacktrace)\n"}, "steps": [{"name": "Создание заказа", "status": "broken", "statusDetails": {"message": "selenium.common.exceptions.MoveTargetOutOfBoundsException: Message: Move target (475, 1365) is out of bounds of viewport dimensions (1280, 689)\nStacktrace:\nRemoteError@chrome://remote/content/shared/RemoteError.sys.mjs:8:8\nWebDriverError@chrome://remote/content/shared/webdriver/Errors.sys.mjs:193:5\nMoveTargetOutOfBoundsError@chrome://remote/content/shared/webdriver/Errors.sys.mjs:479:5\nassertInViewPort@chrome://remote/content/shared/webdriver/Actions.sys.mjs:2380:11\ndispatch@chrome://remote/content/shared/webdriver/Actions.sys.mjs:1161:21\ndispatch/pendingEvents<@chrome://remote/content/shared/webdriver/Actions.sys.mjs:2036:14\ndispatch@chrome://remote/content/shared/webdriver/Actions.sys.mjs:2035:39\ndispatch/chainEvents<@chrome://remote/content/shared/webdriver/Actions.sys.mjs:1946:27\ndispatch@chrome://remote/content/shared/webdriver/Actions.sys.mjs:1948:7\nperformActions@chrome://remote/content/marionette/actors/MarionetteCommandsChild.sys.mjs:491:23\nreceiveMessage@chrome://remote/content/marionette/actors/MarionetteCommandsChild.sys.mjs:144:31\n\n", "trace": "  File \"C:\\Users\\Admin\\yandex\\Diplom_3\\.venv\\Lib\\site-packages\\allure_commons\\_allure.py\", line 192, in impl\n    return func(*a, **kw)\n           ^^^^^^^^^^^^^^\n  File \"C:\\Users\\Admin\\yandex\\Diplom_3\\pages\\home_page.py\", line 29, in create_order\n    actions.drag_and_drop(drag_from, drag_to).click_and_hold().perform()\n  File \"C:\\Users\\Admin\\yandex\\Diplom_3\\.venv\\Lib\\site-packages\\selenium\\webdriver\\common\\action_chains.py\", line 94, in perform\n    self.w3c_actions.perform()\n  File \"C:\\Users\\Admin\\yandex\\Diplom_3\\.venv\\Lib\\site-packages\\selenium\\webdriver\\common\\actions\\action_builder.py\", line 96, in perform\n    self.driver.execute(Command.W3C_ACTIONS, enc)\n  File \"C:\\Users\\Admin\\yandex\\Diplom_3\\.venv\\Lib\\site-packages\\selenium\\webdriver\\remote\\webdriver.py\", line 354, in execute\n    self.error_handler.check_response(response)\n  File \"C:\\Users\\Admin\\yandex\\Diplom_3\\.venv\\Lib\\site-packages\\selenium\\webdriver\\remote\\errorhandler.py\", line 229, in check_response\n    raise exception_class(message, screen, stacktrace)\n"}, "steps": [{"name": "Переход к 'https://stellarburgers.nomoreparties.site/'", "status": "passed", "parameters": [{"name": "url", "value": "'https://stellarburgers.nomoreparties.site/'"}], "start": 1729444284599, "stop": 1729444284932}, {"name": "ожидание элементов ('xpath', '//div[contains(@class,\"BurgerIngredients_ingredients\")]/ul[1]/a')", "status": "passed", "parameters": [{"name": "locator", "value": "('xpath', '//div[contains(@class,\"BurgerIngredients_ingredients\")]/ul[1]/a')"}], "start": 1729444284932, "stop": 1729444285485}, {"name": "ожидание элемента ('xpath', \"//section[contains(@class,'BurgerConstructor_basket')]\")", "status": "passed", "parameters": [{"name": "locator", "value": "('xpath', \"//section[contains(@class,'BurgerConstructor_basket')]\")"}], "start": 1729444285485, "stop": 1729444285512}, {"name": "ожидание элементов ('xpath', '//div[contains(@class,\"BurgerIngredients_ingredients\")]/ul[3]/a')", "status": "passed", "parameters": [{"name": "locator", "value": "('xpath', '//div[contains(@class,\"BurgerIngredients_ingredients\")]/ul[3]/a')"}], "start": 1729444286076, "stop": 1729444286096}, {"name": "ожидание элемента ('xpath', \"//section[contains(@class,'BurgerConstructor_basket')]\")", "status": "passed", "parameters": [{"name": "locator", "value": "('xpath', \"//section[contains(@class,'BurgerConstructor_basket')]\")"}], "start": 1729444286096, "stop": 1729444286113}], "start": 1729444284599, "stop": 1729444286119}], "start": 1729444284598, "stop": 1729444286125}], "start": 1729444284598, "stop": 1729444286360}